EXPLAIN [EXTENDED|DEPENDENCY|AUTHORIZATION|LOCKS|VECTORIZATION] query
```
hive (default)> EXPLAIN select count(1) from test;
OK
Explain
STAGE DEPENDENCIES:
  Stage-1 is a root stage
  Stage-0 depends on stages: Stage-1

STAGE PLANS:
  Stage: Stage-1
    Map Reduce
      Map Operator Tree:
          TableScan
            alias: test
            Statistics: Num rows: 1 Data size: 50 Basic stats: COMPLETE Column stats: COMPLETE
            Select Operator
              Statistics: Num rows: 1 Data size: 50 Basic stats: COMPLETE Column stats: COMPLETE
              Group By Operator
                aggregations: count(1)
                mode: hash
                outputColumnNames: _col0
                Statistics: Num rows: 1 Data size: 8 Basic stats: COMPLETE Column stats: COMPLETE
                Reduce Output Operator
                  sort order: 
                  Statistics: Num rows: 1 Data size: 8 Basic stats: COMPLETE Column stats: COMPLETE
                  value expressions: _col0 (type: bigint)
      Reduce Operator Tree:
        Group By Operator
          aggregations: count(VALUE._col0)
          mode: mergepartial
          outputColumnNames: _col0
          Statistics: Num rows: 1 Data size: 8 Basic stats: COMPLETE Column stats: COMPLETE
          File Output Operator
            compressed: false
            Statistics: Num rows: 1 Data size: 8 Basic stats: COMPLETE Column stats: COMPLETE
            table:
                input format: org.apache.hadoop.mapred.SequenceFileInputFormat
                output format: org.apache.hadoop.hive.ql.io.HiveSequenceFileOutputFormat
                serde: org.apache.hadoop.hive.serde2.lazy.LazySimpleSerDe

  Stage: Stage-0
    Fetch Operator
      limit: -1
      Processor Tree:
        ListSink

Time taken: 0.294 seconds, Fetched: 42 row(s)
```
EXTENDED
```
hive (default)> EXPLAIN EXTENDED select count(1) from test;
OK
Explain
STAGE DEPENDENCIES:
  Stage-1 is a root stage
  Stage-0 depends on stages: Stage-1

STAGE PLANS:
  Stage: Stage-1
    Map Reduce
      Map Operator Tree:
          TableScan
            alias: test
            Statistics: Num rows: 1 Data size: 50 Basic stats: COMPLETE Column stats: COMPLETE
            GatherStats: false
            Select Operator
              Statistics: Num rows: 1 Data size: 50 Basic stats: COMPLETE Column stats: COMPLETE
              Group By Operator
                aggregations: count(1)
                mode: hash
                outputColumnNames: _col0
                Statistics: Num rows: 1 Data size: 8 Basic stats: COMPLETE Column stats: COMPLETE
                Reduce Output Operator
                  null sort order: 
                  sort order: 
                  Statistics: Num rows: 1 Data size: 8 Basic stats: COMPLETE Column stats: COMPLETE
                  tag: -1
                  value expressions: _col0 (type: bigint)
                  auto parallelism: false
      Path -> Alias:
        hdfs://172.168.0.2:9000/user/hive/warehouse/test [$hdt$_0:test]
      Path -> Partition:
        hdfs://172.168.0.2:9000/user/hive/warehouse/test 
          Partition
            base file name: test
            input format: org.apache.hadoop.mapred.TextInputFormat
            output format: org.apache.hadoop.hive.ql.io.HiveIgnoreKeyTextOutputFormat
            properties:
              bucket_count -1
              column.name.delimiter ,
              columns id,name
              columns.comments 
              columns.types int:string
              field.delim 	
              file.inputformat org.apache.hadoop.mapred.TextInputFormat
              file.outputformat org.apache.hadoop.hive.ql.io.HiveIgnoreKeyTextOutputFormat
              location hdfs://172.168.0.2:9000/user/hive/warehouse/test
              name default.test
              numFiles 1
              numRows 0
              rawDataSize 0
              serialization.ddl struct test { i32 id, string name}
              serialization.format 	
              serialization.lib org.apache.hadoop.hive.serde2.lazy.LazySimpleSerDe
              totalSize 50
              transient_lastDdlTime 1625489017
            serde: org.apache.hadoop.hive.serde2.lazy.LazySimpleSerDe
          
              input format: org.apache.hadoop.mapred.TextInputFormat
              output format: org.apache.hadoop.hive.ql.io.HiveIgnoreKeyTextOutputFormat
              properties:
                bucket_count -1
                column.name.delimiter ,
                columns id,name
                columns.comments 
                columns.types int:string
                field.delim 	
                file.inputformat org.apache.hadoop.mapred.TextInputFormat
                file.outputformat org.apache.hadoop.hive.ql.io.HiveIgnoreKeyTextOutputFormat
                location hdfs://172.168.0.2:9000/user/hive/warehouse/test
                name default.test
                numFiles 1
                numRows 0
                rawDataSize 0
                serialization.ddl struct test { i32 id, string name}
                serialization.format 	
                serialization.lib org.apache.hadoop.hive.serde2.lazy.LazySimpleSerDe
                totalSize 50
                transient_lastDdlTime 1625489017
              serde: org.apache.hadoop.hive.serde2.lazy.LazySimpleSerDe
              name: default.test
            name: default.test
      Truncated Path -> Alias:
        /test [$hdt$_0:test]
      Needs Tagging: false
      Reduce Operator Tree:
        Group By Operator
          aggregations: count(VALUE._col0)
          mode: mergepartial
          outputColumnNames: _col0
          Statistics: Num rows: 1 Data size: 8 Basic stats: COMPLETE Column stats: COMPLETE
          File Output Operator
            compressed: false
            GlobalTableId: 0
            directory: hdfs://172.168.0.2:9000/tmp/hive/root/31b1ddc0-028e-4a59-9f8e-7305d856a1d0/hive_2021-07-20_22-12-24_844_1504312034312515767-1/-mr-10001/.hive-staging_hive_2021-07-20_22-12-24_844_1504312034312515767-1/-ext-10002
            NumFilesPerFileSink: 1
            Statistics: Num rows: 1 Data size: 8 Basic stats: COMPLETE Column stats: COMPLETE
            Stats Publishing Key Prefix: hdfs://172.168.0.2:9000/tmp/hive/root/31b1ddc0-028e-4a59-9f8e-7305d856a1d0/hive_2021-07-20_22-12-24_844_1504312034312515767-1/-mr-10001/.hive-staging_hive_2021-07-20_22-12-24_844_1504312034312515767-1/-ext-10002/
            table:
                input format: org.apache.hadoop.mapred.SequenceFileInputFormat
                output format: org.apache.hadoop.hive.ql.io.HiveSequenceFileOutputFormat
                properties:
                  columns _col0
                  columns.types bigint
                  escape.delim \
                  hive.serialization.extend.additional.nesting.levels true
                  serialization.escape.crlf true
                  serialization.format 1
                  serialization.lib org.apache.hadoop.hive.serde2.lazy.LazySimpleSerDe
                serde: org.apache.hadoop.hive.serde2.lazy.LazySimpleSerDe
            TotalFiles: 1
            GatherStats: false
            MultiFileSpray: false

  Stage: Stage-0
    Fetch Operator
      limit: -1
      Processor Tree:
        ListSink

Time taken: 0.054 seconds, Fetched: 117 row(s)
```
DEPENDENCY
```
hive (default)> EXPLAIN DEPENDENCY select count(1) from test;
OK
Explain
{"input_tables":[{"tablename":"default@test","tabletype":"MANAGED_TABLE"}],"input_partitions":[]}
Time taken: 0.049 seconds, Fetched: 1 row(s)
```
AUTHORIZATION
```
hive (default)> EXPLAIN AUTHORIZATION select count(1) from test;
OK
Explain
INPUTS: 
  default@test
OUTPUTS: 
  hdfs://172.168.0.2:9000/tmp/hive/root/31b1ddc0-028e-4a59-9f8e-7305d856a1d0/hive_2021-07-20_22-17-12_659_6672962684591473823-1/-mr-10001
CURRENT_USER: 
  root
OPERATION: 
  QUERY
Time taken: 0.118 seconds, Fetched: 8 row(s)
```